<?xml version="1.0" encoding="UTF-8"?>
<testng-results skipped="0" failed="0" ignored="0" total="1" passed="1">
  <reporter-output>
  </reporter-output>
  <suite name="Default suite" duration-ms="171" started-at="2020-05-18T22:02:36 EDT" finished-at="2020-05-18T22:02:36 EDT">
    <groups>
    </groups>
    <test name="Default test" duration-ms="171" started-at="2020-05-18T22:02:36 EDT" finished-at="2020-05-18T22:02:36 EDT">
      <class name="com.syntax.hw.TestNGExample">
        <test-method status="PASS" signature="testPrintMessage()[pri:0, instance:com.syntax.hw.TestNGExample@4b4523f8]" name="testPrintMessage" duration-ms="30" started-at="2020-05-18T22:02:36 EDT" finished-at="2020-05-18T22:02:36 EDT">
          <reporter-output>
          </reporter-output>
        </test-method> <!-- testPrintMessage -->
      </class> <!-- com.syntax.hw.TestNGExample -->
    </test> <!-- Default test -->
  </suite> <!-- Default suite -->
</testng-results>
