<?xml version="1.0" encoding="UTF-8"?>
<testng-results skipped="0" failed="0" ignored="0" total="3" passed="3">
  <reporter-output>
  </reporter-output>
  <suite name="Default suite" duration-ms="180" started-at="2020-06-02T02:03:11 EDT" finished-at="2020-06-02T02:03:12 EDT">
    <groups>
    </groups>
    <test name="Default test" duration-ms="180" started-at="2020-06-02T02:03:11 EDT" finished-at="2020-06-02T02:03:12 EDT">
      <class name="com.class01.TestNGDemo">
        <test-method status="PASS" signature="testOne()[pri:0, instance:com.class01.TestNGDemo@3a883ce7]" name="testOne" duration-ms="17" started-at="2020-06-02T02:03:11 EDT" finished-at="2020-06-02T02:03:11 EDT">
          <reporter-output>
          </reporter-output>
        </test-method> <!-- testOne -->
        <test-method status="PASS" signature="testThree()[pri:0, instance:com.class01.TestNGDemo@3a883ce7]" name="testThree" duration-ms="3" started-at="2020-06-02T02:03:11 EDT" finished-at="2020-06-02T02:03:11 EDT">
          <reporter-output>
          </reporter-output>
        </test-method> <!-- testThree -->
        <test-method status="PASS" signature="testTwo()[pri:0, instance:com.class01.TestNGDemo@3a883ce7]" name="testTwo" duration-ms="23" started-at="2020-06-02T02:03:11 EDT" finished-at="2020-06-02T02:03:12 EDT">
          <reporter-output>
          </reporter-output>
        </test-method> <!-- testTwo -->
      </class> <!-- com.class01.TestNGDemo -->
    </test> <!-- Default test -->
  </suite> <!-- Default suite -->
</testng-results>
