<?xml version="1.0" encoding="UTF-8"?>
<!-- Generated by org.testng.reporters.JUnitXMLReporter -->
<testsuite hostname="Ilkhomdzhons-MacBook-Air.local" ignored="2" name="Command line test" tests="4" failures="1" timestamp="2020-06-02T20:20:39 EDT" time="33.381" errors="0">
  <testcase name="emptyUsernameLogin" time="0.576" classname="com.hrms.testcases.LoginTest"/>
  <testcase name="invalidPasswordLogin" time="2.099" classname="com.hrms.testcases.LoginTest">
    <failure type="java.lang.AssertionError" message="Error message text is not matched expected [Invalid credential] but found [Invalid credentials]">
      <![CDATA[java.lang.AssertionError: Error message text is not matched expected [Invalid credential] but found [Invalid credentials]
at com.hrms.testcases.LoginTest.invalidPasswordLogin(LoginTest.java:32)
at java.util.ArrayList.forEach(ArrayList.java:1257)
... Removed 41 stack frames]]>
    </failure>
  </testcase> <!-- invalidPasswordLogin -->
  <testcase name="validAdminLogin" time="10.418" classname="com.hrms.testcases.LoginTest"/>
  <testcase name="test" time="0.0" classname="com.hrms.testcases.AddEmployeeTest">
    <skipped/>
  </testcase> <!-- test -->
  <testcase name="@BeforeTest generateReport" time="0.0" classname="com.hrms.testbase.BaseClass">
    <ignored/>
  </testcase> <!-- @BeforeTest generateReport -->
  <testcase name="@AfterTest writeReport" time="0.0" classname="com.hrms.testbase.BaseClass">
    <ignored/>
  </testcase> <!-- @AfterTest writeReport -->
</testsuite> <!-- Command line test -->
