<?xml version="1.0" encoding="UTF-8"?>
<!-- Generated by org.testng.reporters.JUnitXMLReporter -->
<testsuite hostname="Ilkhomdzhons-MacBook-Air.local" ignored="0" name="Default test" tests="3" failures="0" timestamp="2020-06-02T02:03:12 EDT" time="0.18" errors="0">
  <testcase name="testOne" time="0.017" classname="com.class01.TestNGDemo"/>
  <testcase name="testThree" time="0.003" classname="com.class01.TestNGDemo"/>
  <testcase name="testTwo" time="0.023" classname="com.class01.TestNGDemo"/>
</testsuite> <!-- Default test -->
